d:\programming\visual studio\repos\2course_lab1\2.10 a)\laba1(2)\debug\vc142.pdb
d:\programming\visual studio\repos\2course_lab1\2.10 a)\laba1(2)\debug\vc142.idb
d:\programming\visual studio\repos\2course_lab1\2.10 a)\laba1(2)\debug\laba1(2).obj
d:\programming\visual studio\repos\2course_lab1\2.10 a)\laba1(2)\debug\character.obj
d:\programming\visual studio\repos\2course_lab1\2.10 a)\laba1(2)\debug\main.obj
d:\programming\visual studio\repos\2course_lab1\2.10 a)\laba1(2)\debug\book.obj
d:\programming\visual studio\repos\2course_lab1\2.10 a)\debug\laba1(2).pdb
d:\programming\visual studio\repos\2course_lab1\2.10 a)\laba1(2)\debug\laba1(2).tlog\cl.command.1.tlog
d:\programming\visual studio\repos\2course_lab1\2.10 a)\laba1(2)\debug\laba1(2).tlog\cl.read.1.tlog
d:\programming\visual studio\repos\2course_lab1\2.10 a)\laba1(2)\debug\laba1(2).tlog\cl.write.1.tlog
d:\programming\visual studio\repos\2course_lab1\2.10 a)\laba1(2)\debug\laba1(2).tlog\link-cvtres.read.1.tlog
d:\programming\visual studio\repos\2course_lab1\2.10 a)\laba1(2)\debug\laba1(2).tlog\link-cvtres.write.1.tlog
d:\programming\visual studio\repos\2course_lab1\2.10 a)\laba1(2)\debug\laba1(2).tlog\link-rc.read.1.tlog
d:\programming\visual studio\repos\2course_lab1\2.10 a)\laba1(2)\debug\laba1(2).tlog\link-rc.write.1.tlog
d:\programming\visual studio\repos\2course_lab1\2.10 a)\laba1(2)\debug\laba1(2).tlog\link.8400-cvtres.read.1.tlog
d:\programming\visual studio\repos\2course_lab1\2.10 a)\laba1(2)\debug\laba1(2).tlog\link.8400-cvtres.write.1.tlog
d:\programming\visual studio\repos\2course_lab1\2.10 a)\laba1(2)\debug\laba1(2).tlog\link.8400-rc.read.1.tlog
d:\programming\visual studio\repos\2course_lab1\2.10 a)\laba1(2)\debug\laba1(2).tlog\link.8400-rc.write.1.tlog
d:\programming\visual studio\repos\2course_lab1\2.10 a)\laba1(2)\debug\laba1(2).tlog\link.8400.read.1.tlog
d:\programming\visual studio\repos\2course_lab1\2.10 a)\laba1(2)\debug\laba1(2).tlog\link.8400.write.1.tlog
d:\programming\visual studio\repos\2course_lab1\2.10 a)\laba1(2)\debug\laba1(2).tlog\link.command.1.tlog
d:\programming\visual studio\repos\2course_lab1\2.10 a)\laba1(2)\debug\laba1(2).tlog\link.read.1.tlog
d:\programming\visual studio\repos\2course_lab1\2.10 a)\laba1(2)\debug\laba1(2).tlog\link.write.1.tlog
